Sections:
00: "org0001:0" (0-3C8)


Source: "sw\boot_monitor.s"
                            	     1: UART_DATA      equ     $00f00010
                            	     2: UART_STAT      equ     $00f00012
                            	     3: UART_RX        equ     $00f00014
                            	     4: VIDEO_CTRL     equ     $00f00002
                            	     5: LED_STATUS     equ     $00f00000
                            	     6: RAM_BASE       equ     $00000800
                            	     7: RAM_END        equ     $00001000
                            	     8: SDRAM_BASE     equ     $00001000
                            	     9: SDRAM_END      equ     $00f00000
                            	    10: 
                            	    11:         org     $00000000
00:00000000 00F00000        	    12:         dc.l    SDRAM_END
00:00000004 00000008        	    13:         dc.l    start
                            	    14: 
                            	    15: start:
00:00000008 46FC2700        	    16:         move.w  #$2700,sr
00:0000000C 7000            	    17:         moveq   #0,d0
00:0000000E 41FA02D2        	    18:         lea     boot_message(pc),a0
00:00000012 43FA001C        	    19:         lea     boot_done(pc),a1
                            	    20: 
                            	    21: send_next:
00:00000016 1018            	    22:         move.b  (a0)+,d0
00:00000018 6714            	    23:         beq.s   send_done
                            	    24: 
                            	    25: wait_tx:
00:0000001A 323900F00012    	    26:         move.w  UART_STAT.l,d1
00:00000020 02410001        	    27:         andi.w  #1,d1
00:00000024 67F4            	    28:         beq.s   wait_tx
00:00000026 33C000F00010    	    29:         move.w  d0,UART_DATA.l
00:0000002C 60E8            	    30:         bra.s   send_next
                            	    31: 
                            	    32: send_done:
00:0000002E 4ED1            	    33:         jmp     (a1)
                            	    34: 
                            	    35: boot_done:
00:00000030 303C07E0        	    36:         move.w  #$07e0,d0
00:00000034 33C000F00002    	    37:         move.w  d0,VIDEO_CTRL.l
00:0000003A 700F            	    38:         moveq   #15,d0
00:0000003C 33C000F00000    	    39:         move.w  d0,LED_STATUS.l
00:00000042 7E00            	    40:         moveq   #0,d7
                            	    41: 
                            	    42: command_loop:
00:00000044 323900F00012    	    43:         move.w  UART_STAT.l,d1
00:0000004A 02410002        	    44:         andi.w  #2,d1
00:0000004E 67F4            	    45:         beq.s   command_loop
00:00000050 303900F00014    	    46:         move.w  UART_RX.l,d0
00:00000056 024000FF        	    47:         andi.w  #$00ff,d0
                            	    48: 
                            	    49: echo_wait:
00:0000005A 323900F00012    	    50:         move.w  UART_STAT.l,d1
00:00000060 02410001        	    51:         andi.w  #1,d1
00:00000064 67F4            	    52:         beq.s   echo_wait
00:00000066 33C000F00010    	    53:         move.w  d0,UART_DATA.l
                            	    54: 
00:0000006C 4A07            	    55:         tst.b   d7
00:0000006E 66000094        	    56:         bne.w   parse_hex
00:00000072 0C00003F        	    57:         cmpi.b  #'?',d0
00:00000076 67000246        	    58:         beq.w   show_help
00:0000007A 0C000052        	    59:         cmpi.b  #'R',d0
00:0000007E 6700024A        	    60:         beq.w   show_status
00:00000082 0C000072        	    61:         cmpi.b  #'r',d0
00:00000086 67000242        	    62:         beq.w   show_status
00:0000008A 0C000054        	    63:         cmpi.b  #'T',d0
00:0000008E 67000178        	    64:         beq.w   ram_test
00:00000092 0C000074        	    65:         cmpi.b  #'t',d0
00:00000096 67000170        	    66:         beq.w   ram_test
00:0000009A 0C000058        	    67:         cmpi.b  #'X',d0
00:0000009E 670001BC        	    68:         beq.w   sdram_test
00:000000A2 0C000078        	    69:         cmpi.b  #'x',d0
00:000000A6 670001B4        	    70:         beq.w   sdram_test
00:000000AA 0C00004D        	    71:         cmpi.b  #'M',d0
00:000000AE 67000036        	    72:         beq.w   read_start
00:000000B2 0C00006D        	    73:         cmpi.b  #'m',d0
00:000000B6 6700002E        	    74:         beq.w   read_start
00:000000BA 0C000057        	    75:         cmpi.b  #'W',d0
00:000000BE 67000030        	    76:         beq.w   write_start
00:000000C2 0C000077        	    77:         cmpi.b  #'w',d0
00:000000C6 67000028        	    78:         beq.w   write_start
00:000000CA 0C000047        	    79:         cmpi.b  #'G',d0
00:000000CE 6700002A        	    80:         beq.w   run_start
00:000000D2 0C000067        	    81:         cmpi.b  #'g',d0
00:000000D6 67000022        	    82:         beq.w   run_start
00:000000DA 0C00000D        	    83:         cmpi.b  #13,d0
00:000000DE 670001F6        	    84:         beq.w   show_prompt
00:000000E2 6000FF60        	    85:         bra.w   command_loop
                            	    86: 
                            	    87: read_start:
00:000000E6 7E01            	    88:         moveq   #1,d7
00:000000E8 7600            	    89:         moveq   #0,d3
00:000000EA 7A06            	    90:         moveq   #6,d5
00:000000EC 6000FF56        	    91:         bra.w   command_loop
                            	    92: 
                            	    93: write_start:
00:000000F0 7E02            	    94:         moveq   #2,d7
00:000000F2 7600            	    95:         moveq   #0,d3
00:000000F4 7A06            	    96:         moveq   #6,d5
00:000000F6 6000FF4C        	    97:         bra.w   command_loop
                            	    98: 
                            	    99: run_start:
00:000000FA 7E04            	   100:         moveq   #4,d7
00:000000FC 7600            	   101:         moveq   #0,d3
00:000000FE 7A06            	   102:         moveq   #6,d5
00:00000100 6000FF42        	   103:         bra.w   command_loop
                            	   104: 
                            	   105: parse_hex:
00:00000104 7C00            	   106:         moveq   #0,d6
00:00000106 1C00            	   107:         move.b  d0,d6
00:00000108 0C060030        	   108:         cmpi.b  #'0',d6
00:0000010C 650001A2        	   109:         blo.w   parse_error
00:00000110 0C060039        	   110:         cmpi.b  #'9',d6
00:00000114 6328            	   111:         bls.s   parse_digit
00:00000116 0C060041        	   112:         cmpi.b  #'A',d6
00:0000011A 650C            	   113:         blo.s   parse_lower
00:0000011C 0C060046        	   114:         cmpi.b  #'F',d6
00:00000120 6206            	   115:         bhi.s   parse_lower
00:00000122 04060037        	   116:         subi.b  #$37,d6
00:00000126 601A            	   117:         bra.s   parse_store
                            	   118: 
                            	   119: parse_lower:
00:00000128 0C060061        	   120:         cmpi.b  #'a',d6
00:0000012C 65000182        	   121:         blo.w   parse_error
00:00000130 0C060066        	   122:         cmpi.b  #'f',d6
00:00000134 6200017A        	   123:         bhi.w   parse_error
00:00000138 04060057        	   124:         subi.b  #$57,d6
00:0000013C 6004            	   125:         bra.s   parse_store
                            	   126: 
                            	   127: parse_digit:
00:0000013E 04060030        	   128:         subi.b  #'0',d6
                            	   129: 
                            	   130: parse_store:
00:00000142 0C070003        	   131:         cmpi.b  #3,d7
00:00000146 673C            	   132:         beq.s   parse_write_data
00:00000148 E98B            	   133:         lsl.l   #4,d3
00:0000014A 8606            	   134:         or.b    d6,d3
00:0000014C 5345            	   135:         subq.w  #1,d5
00:0000014E 6600FEF4        	   136:         bne.w   command_loop
00:00000152 028300FFFFFE    	   137:         andi.l  #$00fffffe,d3
00:00000158 2443            	   138:         movea.l d3,a2
00:0000015A 0C070001        	   139:         cmpi.b  #1,d7
00:0000015E 675A            	   140:         beq.s   read_complete
00:00000160 0C070004        	   141:         cmpi.b  #4,d7
00:00000164 6738            	   142:         beq.s   run_complete
                            	   143: 
00:00000166 0C8300000800    	   144:         cmpi.l  #RAM_BASE,d3
00:0000016C 65000142        	   145:         blo.w   parse_error
00:00000170 0C8300F00000    	   146:         cmpi.l  #SDRAM_END,d3
00:00000176 64000138        	   147:         bhs.w   parse_error
00:0000017A 7E03            	   148:         moveq   #3,d7
00:0000017C 7800            	   149:         moveq   #0,d4
00:0000017E 7A04            	   150:         moveq   #4,d5
00:00000180 6000FEC2        	   151:         bra.w   command_loop
                            	   152: 
                            	   153: parse_write_data:
00:00000184 E94C            	   154:         lsl.w   #4,d4
00:00000186 8806            	   155:         or.b    d6,d4
00:00000188 5345            	   156:         subq.w  #1,d5
00:0000018A 6600FEB8        	   157:         bne.w   command_loop
00:0000018E 3484            	   158:         move.w  d4,(a2)
00:00000190 7E00            	   159:         moveq   #0,d7
00:00000192 41FA0212        	   160:         lea     write_ok_message(pc),a0
00:00000196 43FAFEAC        	   161:         lea     command_loop(pc),a1
00:0000019A 6000FE7A        	   162:         bra.w   send_next
                            	   163: 
                            	   164: run_complete:
00:0000019E 0C8300001000    	   165:         cmpi.l  #SDRAM_BASE,d3
00:000001A4 6500010A        	   166:         blo.w   parse_error
00:000001A8 0C8300F00000    	   167:         cmpi.l  #SDRAM_END,d3
00:000001AE 64000100        	   168:         bhs.w   parse_error
00:000001B2 7E00            	   169:         moveq   #0,d7
00:000001B4 4E92            	   170:         jsr     (a2)
00:000001B6 6000011E        	   171:         bra.w   show_prompt
                            	   172: 
                            	   173: read_complete:
00:000001BA 3812            	   174:         move.w  (a2),d4
00:000001BC 7E00            	   175:         moveq   #0,d7
00:000001BE 41FA01EE        	   176:         lea     value_prefix(pc),a0
00:000001C2 43FA0006        	   177:         lea     hex_output_start(pc),a1
00:000001C6 6000FE4E        	   178:         bra.w   send_next
                            	   179: 
                            	   180: hex_output_start:
00:000001CA 7A03            	   181:         moveq   #3,d5
                            	   182: 
                            	   183: hex_output_next:
00:000001CC E95C            	   184:         rol.w   #4,d4
00:000001CE 7000            	   185:         moveq   #0,d0
00:000001D0 1004            	   186:         move.b  d4,d0
00:000001D2 0200000F        	   187:         andi.b  #$0f,d0
00:000001D6 0C000009        	   188:         cmpi.b  #9,d0
00:000001DA 6306            	   189:         bls.s   hex_digit
00:000001DC 06000037        	   190:         addi.b  #$37,d0
00:000001E0 6004            	   191:         bra.s   hex_send
                            	   192: 
                            	   193: hex_digit:
00:000001E2 06000030        	   194:         addi.b  #'0',d0
                            	   195: 
                            	   196: hex_send:
00:000001E6 323900F00012    	   197:         move.w  UART_STAT.l,d1
00:000001EC 02410001        	   198:         andi.w  #1,d1
00:000001F0 67F4            	   199:         beq.s   hex_send
00:000001F2 33C000F00010    	   200:         move.w  d0,UART_DATA.l
00:000001F8 51CDFFD2        	   201:         dbra    d5,hex_output_next
00:000001FC 41FA01B5        	   202:         lea     result_suffix(pc),a0
00:00000200 43FAFE42        	   203:         lea     command_loop(pc),a1
00:00000204 6000FE10        	   204:         bra.w   send_next
                            	   205: 
                            	   206: ram_test:
00:00000208 347C0800        	   207:         movea.l #RAM_BASE,a2
00:0000020C 343C03FF        	   208:         move.w  #$03ff,d2
00:00000210 363CA55A        	   209:         move.w  #$a55a,d3
                            	   210: 
                            	   211: ram_write_loop:
00:00000214 34C3            	   212:         move.w  d3,(a2)+
00:00000216 4643            	   213:         not.w   d3
00:00000218 51CAFFFA        	   214:         dbra    d2,ram_write_loop
                            	   215: 
00:0000021C 347C0800        	   216:         movea.l #RAM_BASE,a2
00:00000220 343C03FF        	   217:         move.w  #$03ff,d2
00:00000224 363CA55A        	   218:         move.w  #$a55a,d3
                            	   219: 
                            	   220: ram_verify_loop:
00:00000228 B65A            	   221:         cmp.w   (a2)+,d3
00:0000022A 6612            	   222:         bne.s   ram_test_failed
00:0000022C 4643            	   223:         not.w   d3
00:0000022E 51CAFFF8        	   224:         dbra    d2,ram_verify_loop
                            	   225: 
00:00000232 41FA012C        	   226:         lea     ram_ok_message(pc),a0
00:00000236 43FAFE0C        	   227:         lea     command_loop(pc),a1
00:0000023A 6000FDDA        	   228:         bra.w   send_next
                            	   229: 
                            	   230: ram_test_failed:
00:0000023E 303CF800        	   231:         move.w  #$f800,d0
00:00000242 33C000F00002    	   232:         move.w  d0,VIDEO_CTRL.l
00:00000248 7001            	   233:         moveq   #1,d0
00:0000024A 33C000F00000    	   234:         move.w  d0,LED_STATUS.l
00:00000250 41FA0120        	   235:         lea     ram_fail_message(pc),a0
00:00000254 43FAFDEE        	   236:         lea     command_loop(pc),a1
00:00000258 6000FDBC        	   237:         bra.w   send_next
                            	   238: 
                            	   239: sdram_test:
00:0000025C 347C1000        	   240:         movea.l #SDRAM_BASE,a2
00:00000260 343C0FFF        	   241:         move.w  #$0fff,d2
00:00000264 363C5AA5        	   242:         move.w  #$5aa5,d3
                            	   243: 
                            	   244: sdram_write_loop:
00:00000268 34C3            	   245:         move.w  d3,(a2)+
00:0000026A 4643            	   246:         not.w   d3
00:0000026C 51CAFFFA        	   247:         dbra    d2,sdram_write_loop
                            	   248: 
00:00000270 347C1000        	   249:         movea.l #SDRAM_BASE,a2
00:00000274 343C0FFF        	   250:         move.w  #$0fff,d2
00:00000278 363C5AA5        	   251:         move.w  #$5aa5,d3
                            	   252: 
                            	   253: sdram_verify_loop:
00:0000027C B65A            	   254:         cmp.w   (a2)+,d3
00:0000027E 6612            	   255:         bne.s   sdram_test_failed
00:00000280 4643            	   256:         not.w   d3
00:00000282 51CAFFF8        	   257:         dbra    d2,sdram_verify_loop
                            	   258: 
00:00000286 41FA00F9        	   259:         lea     sdram_ok_message(pc),a0
00:0000028A 43FAFDB8        	   260:         lea     command_loop(pc),a1
00:0000028E 6000FD86        	   261:         bra.w   send_next
                            	   262: 
                            	   263: sdram_test_failed:
00:00000292 303CF800        	   264:         move.w  #$f800,d0
00:00000296 33C000F00002    	   265:         move.w  d0,VIDEO_CTRL.l
00:0000029C 7002            	   266:         moveq   #2,d0
00:0000029E 33C000F00000    	   267:         move.w  d0,LED_STATUS.l
00:000002A4 41FA00EF        	   268:         lea     sdram_fail_message(pc),a0
00:000002A8 43FAFD9A        	   269:         lea     command_loop(pc),a1
00:000002AC 6000FD68        	   270:         bra.w   send_next
                            	   271: 
                            	   272: parse_error:
00:000002B0 7E00            	   273:         moveq   #0,d7
00:000002B2 41FA0104        	   274:         lea     error_message(pc),a0
00:000002B6 43FAFD8C        	   275:         lea     command_loop(pc),a1
00:000002BA 6000FD5A        	   276:         bra.w   send_next
                            	   277: 
                            	   278: show_help:
00:000002BE 41FA0035        	   279:         lea     help_message(pc),a0
00:000002C2 43FAFD80        	   280:         lea     command_loop(pc),a1
00:000002C6 6000FD4E        	   281:         bra.w   send_next
                            	   282: 
                            	   283: show_status:
00:000002CA 41FA007F        	   284:         lea     status_message(pc),a0
00:000002CE 43FAFD74        	   285:         lea     command_loop(pc),a1
00:000002D2 6000FD42        	   286:         bra.w   send_next
                            	   287: 
                            	   288: show_prompt:
00:000002D6 41FA00EC        	   289:         lea     prompt_message(pc),a0
00:000002DA 43FAFD68        	   290:         lea     command_loop(pc),a1
00:000002DE 6000FD36        	   291:         bra.w   send_next
                            	   292: 
                            	   293: boot_message:
00:000002E2 53595354454D3136	   294:         dc.b    "SYSTEM16 READY",13,10,"> ",0
00:000002EA 205245414459
00:000002F0 0D
00:000002F1 0A
00:000002F2 3E20
00:000002F4 00
                            	   295: help_message:
00:000002F5 0D              	   296:         dc.b    13,10,"? HELP  R STATUS  T BRAM  X SDRAM",13,10
00:000002F6 0A
00:000002F7 3F2048454C502020
00:000002FF 5220535441545553
00:00000307 202054204252414D
00:0000030F 2020582053445241
00:00000317 4D
00:00000318 0D
00:00000319 0A
00:0000031A 4D61616161616120	   297:         dc.b    "Maaaaaa READ  Waaaaaadddd WRITE",13,10
00:00000322 5245414420205761
00:0000032A 6161616161646464
00:00000332 64205752495445
00:00000339 0D
00:0000033A 0A
00:0000033B 4761616161616120	   298:         dc.b    "Gaaaaaa RUN",13,10,"> ",0
00:00000343 52554E
00:00000346 0D
00:00000347 0A
00:00000348 3E20
00:0000034A 00
                            	   299: status_message:
00:0000034B 0D              	   300:         dc.b    13,10,"SYSTEM16 READY",13,10,"> ",0
00:0000034C 0A
00:0000034D 53595354454D3136
00:00000355 205245414459
00:0000035B 0D
00:0000035C 0A
00:0000035D 3E20
00:0000035F 00
                            	   301: ram_ok_message:
00:00000360 0D              	   302:         dc.b    13,10,"RAM PASS 2K",13,10,"> ",0
00:00000361 0A
00:00000362 52414D2050415353
00:0000036A 20324B
00:0000036D 0D
00:0000036E 0A
00:0000036F 3E20
00:00000371 00
                            	   303: ram_fail_message:
00:00000372 0D              	   304:         dc.b    13,10,"RAM FAIL",13,10,"> ",0
00:00000373 0A
00:00000374 52414D204641494C
00:0000037C 0D
00:0000037D 0A
00:0000037E 3E20
00:00000380 00
                            	   305: sdram_ok_message:
00:00000381 0D              	   306:         dc.b    13,10,"SDRAM PASS 8K",13,10,"> ",0
00:00000382 0A
00:00000383 534452414D205041
00:0000038B 535320384B
00:00000390 0D
00:00000391 0A
00:00000392 3E20
00:00000394 00
                            	   307: sdram_fail_message:
00:00000395 0D              	   308:         dc.b    13,10,"SDRAM FAIL",13,10,"> ",0
00:00000396 0A
00:00000397 534452414D204641
00:0000039F 494C
00:000003A1 0D
00:000003A2 0A
00:000003A3 3E20
00:000003A5 00
                            	   309: write_ok_message:
00:000003A6 204F4B          	   310:         dc.b    " OK",13,10,"> ",0
00:000003A9 0D
00:000003AA 0A
00:000003AB 3E20
00:000003AD 00
                            	   311: value_prefix:
00:000003AE 203D2024        	   312:         dc.b    " = $",0
00:000003B2 00
                            	   313: result_suffix:
00:000003B3 0D              	   314:         dc.b    13,10,"> ",0
00:000003B4 0A
00:000003B5 3E20
00:000003B7 00
                            	   315: error_message:
00:000003B8 0D              	   316:         dc.b    13,10,"ERROR",13,10,"> ",0
00:000003B9 0A
00:000003BA 4552524F52
00:000003BF 0D
00:000003C0 0A
00:000003C1 3E20
00:000003C3 00
                            	   317: prompt_message:
00:000003C4 0A              	   318:         dc.b    10,"> ",0
00:000003C5 3E20
00:000003C7 00
                            	   319:         even
                            	   320: 


Symbols by name:
LED_STATUS                       E:00F00000
RAM_BASE                         E:00000800
SDRAM_BASE                       E:00001000
SDRAM_END                        E:00F00000
UART_DATA                        E:00F00010
UART_RX                          E:00F00014
UART_STAT                        E:00F00012
VIDEO_CTRL                       E:00F00002
boot_done                        A:00000030
boot_message                     A:000002E2
command_loop                     A:00000044
echo_wait                        A:0000005A
error_message                    A:000003B8
help_message                     A:000002F5
hex_digit                        A:000001E2
hex_output_next                  A:000001CC
hex_output_start                 A:000001CA
hex_send                         A:000001E6
parse_digit                      A:0000013E
parse_error                      A:000002B0
parse_hex                        A:00000104
parse_lower                      A:00000128
parse_store                      A:00000142
parse_write_data                 A:00000184
prompt_message                   A:000003C4
ram_fail_message                 A:00000372
ram_ok_message                   A:00000360
ram_test                         A:00000208
ram_test_failed                  A:0000023E
ram_verify_loop                  A:00000228
ram_write_loop                   A:00000214
read_complete                    A:000001BA
read_start                       A:000000E6
result_suffix                    A:000003B3
run_complete                     A:0000019E
run_start                        A:000000FA
sdram_fail_message               A:00000395
sdram_ok_message                 A:00000381
sdram_test                       A:0000025C
sdram_test_failed                A:00000292
sdram_verify_loop                A:0000027C
sdram_write_loop                 A:00000268
send_done                        A:0000002E
send_next                        A:00000016
show_help                        A:000002BE
show_prompt                      A:000002D6
show_status                      A:000002CA
start                            A:00000008
status_message                   A:0000034B
value_prefix                     A:000003AE
wait_tx                          A:0000001A
write_ok_message                 A:000003A6
write_start                      A:000000F0

Symbols by value:
00000008 start
00000016 send_next
0000001A wait_tx
0000002E send_done
00000030 boot_done
00000044 command_loop
0000005A echo_wait
000000E6 read_start
000000F0 write_start
000000FA run_start
00000104 parse_hex
00000128 parse_lower
0000013E parse_digit
00000142 parse_store
00000184 parse_write_data
0000019E run_complete
000001BA read_complete
000001CA hex_output_start
000001CC hex_output_next
000001E2 hex_digit
000001E6 hex_send
00000208 ram_test
00000214 ram_write_loop
00000228 ram_verify_loop
0000023E ram_test_failed
0000025C sdram_test
00000268 sdram_write_loop
0000027C sdram_verify_loop
00000292 sdram_test_failed
000002B0 parse_error
000002BE show_help
000002CA show_status
000002D6 show_prompt
000002E2 boot_message
000002F5 help_message
0000034B status_message
00000360 ram_ok_message
00000372 ram_fail_message
00000381 sdram_ok_message
00000395 sdram_fail_message
000003A6 write_ok_message
000003AE value_prefix
000003B3 result_suffix
000003B8 error_message
000003C4 prompt_message
00000800 RAM_BASE
00001000 SDRAM_BASE
00F00000 SDRAM_END
00F00000 LED_STATUS
00F00002 VIDEO_CTRL
00F00010 UART_DATA
00F00012 UART_STAT
00F00014 UART_RX
